----------- BOARD ------------

root@ebisu:~# modprobe usb_f_ss_lb bulk_maxpacket=512; modprobe g_zero
[  280.180040] zero gadget: Gadget Zero, version: Cinco de Mayo 2008
[  280.188931] zero gadget: zero ready
root@ebisu:~# 
root@ebisu:~# cat /sys/devices/platform/soc/ee020000.usb/udc/ee020000.usb/s 
tate
root@ebisu
root@ebisu:~# 

---------- HOST-PC -----------

lsusb | grep Gadget
Bus 002 Device 020: ID 0525:a4a0 Netchip Technology, Inc. Linux-USB "Gadget Zero"

sudo /home/rvc/banvien_stuff/testusb -D /proc/bus/usb/002/020 -t 2
/home/rvc/banvien_stuff/testusb: /proc/bus/usb/002/020 may see only control tests
?? speed	/proc/bus/usb/002/020	0
/proc/bus/usb/002/020 test 2,    0.040601 secs
----------- BOARD ------------
root@ebisu
root@ebisu:~# rmmod g_zero
root@ebisu:~# 
 
#### Result: OK ####
