----------- BOARD ------------

root@ebisu:~# modprobe g_serial
[  186.828853] g_serial gadget: Gadget Serial v2.4
[  186.834734] g_serial gadget: g_serial ready
root@ebisu:~# 
root@ebisu:~# cat /sys/devices/platform/soc/ee020000.usb/udc/ee020000.usb/s 
tate
root@ebisu
root@ebisu:~# 
root@ebisu:~# ls /dev/ttyGS0
root@ebisu
root@ebisu:~# 

---------- HOST-PC -----------

dmesg
[68072.453554] usb 2-2: new SuperSpeed USB device number 16 using xhci_hcd
[68072.479291] usb 2-2: New USB device found, idVendor=0525, idProduct=a4a7, bcdDevice= 5.10
[68072.479307] usb 2-2: New USB device strings: Mfr=1, Product=2, SerialNumber=0
[68072.479315] usb 2-2: Product: Gadget Serial v2.4
[68072.479321] usb 2-2: Manufacturer: Linux 5.10.218-yocto-standard with renesas_usb3
[68072.482945] cdc_acm 2-2:2.0: ttyACM0: USB ACM device

ls /dev/ttyACM0
/dev/ttyACM0

----------- BOARD ------------
root@ebisu
root@ebisu:~# cat > /dev/ttyGS0
abcd...
123456
root@ebisu
root@ebisu:~# 
root@ebisu:~# 

---------- HOST-PC -----------

cat /dev/ttyACM0
abcd...
123456
root@ebisu
root@ebisu:~# rmmod g_serial
root@ebisu:~# 
 
#### Result: OK ####
