----------- BOARD ------------

root@ebisu:~# modprobe g_zero
[  269.923789] zero gadget: Gadget Zero, version: Cinco de Mayo 2008
[  269.933074] zero gadget: zero ready
root@ebisu:~# 
root@ebisu:~# cat /sys/devices/platform/soc/ee020000.usb/udc/ee020000.usb/s 
tate
root@ebisu
root@ebisu:~# 

---------- HOST-PC -----------

lsusb | grep Gadget
Bus 002 Device 018: ID 0525:a4a0 Netchip Technology, Inc. Linux-USB "Gadget Zero"

sudo /home/rvc/banvien_stuff/testusb -D /proc/bus/usb/002/018 -t 10
/home/rvc/banvien_stuff/testusb: /proc/bus/usb/002/018 may see only control tests
?? speed	/proc/bus/usb/002/018	0
/proc/bus/usb/002/018 test 10,    1.542462 secs
----------- BOARD ------------
root@ebisu
root@ebisu:~# rmmod g_zero
root@ebisu:~# 
 
#### Result: OK ####
