----------- BOARD ------------

root@salvator-x:~# modprobe g_zero
[  130.933394] zero gadget: Gadget Zero, version: Cinco de Mayo 2008
[  130.939666] zero gadget: zero ready
root@salvator-x:~# 
root@salvator-x:~# cat /sys/devices/platform/soc/ee020000.usb/udc/ee020000.usb/s tate
configured
root@salvator-x:~# 

---------- HOST-PC -----------

lsusb | grep Gadget
Bus 002 Device 039: ID 0525:a4a0 Netchip Technology, Inc. Linux-USB "Gadget Zero"

sudo /home/rvc/banvien_stuff/testusb -D /proc/bus/usb/002/039 -t14 -c 100 -s 256 -v 1
/dev/bus/usb/002/002: No such device
/home/rvc/banvien_stuff/testusb: /proc/bus/usb/002/039 may see only control tests
?? speed	/proc/bus/usb/002/039	0
/proc/bus/usb/002/039 test 14,    0.008888 secs
----------- BOARD ------------

root@salvator-x:~# rmmod g_zero
root@salvator-x:~# 
 
#### Result: OK ####
