----------- BOARD ------------

root@salvator-x:~# modprobe g_serial
[   53.846783] g_serial gadget: Gadget Serial v2.4
[   53.851485] g_serial gadget: g_serial ready
root@salvator-x:~# 
root@salvator-x:~# cat /sys/devices/platform/soc/ee020000.usb/udc/ee020000.usb/s tate
configured
root@salvator-x:~# 
root@salvator-x:~# ls /dev/ttyGS0
/dev/ttyGS0
root@salvator-x:~# 

---------- HOST-PC -----------

dmesg
[13886.613406] usb 2-2: USB disconnect, device number 30
[13887.453277] usb 2-2: new SuperSpeed USB device number 31 using xhci_hcd
[13887.473838] usb 2-2: New USB device found, idVendor=0525, idProduct=a4a7, bcdDevice= 5.10
[13887.473859] usb 2-2: New USB device strings: Mfr=1, Product=2, SerialNumber=0
[13887.473886] usb 2-2: Product: Gadget Serial v2.4
[13887.473893] usb 2-2: Manufacturer: Linux 5.10.218-yocto-standard with renesas_usb3
[13887.477427] cdc_acm 2-2:2.0: ttyACM0: USB ACM device

ls /dev/ttyACM0
/dev/ttyACM0


---------- HOST-PC -----------

echo 'Test transferring data from HOST to BOARD via usb serial' > /dev/ttyACM0

----------- BOARD ------------

root@salvator-x:~# cat /dev/ttyGS0
Test transferring data from HOST to BOARD via usb serial
^C
root@salvator-x:~# 
root@salvator-x:~# rmmod g_serial
root@salvator-x:~# 
 
#### Result: OK ####
