
root@salvator-x:~# lsmod
Module                  Size  Used by
crct10dif_ce           20480  1
dw_hdmi_cec            16384  0
ccree                 159744  0
max9611                16384  0
gpio_bd9571mwv         16384  0
at24                   24576  0
authenc                16384  1 ccree
libdes                 24576  1 ccree
optee_rng              16384  0
pwm_bl                 16384  0
rng_core               24576  1 optee_rng
cfg80211              872448  0
rfkill                 36864  2 cfg80211
uio_pdrv_genirq        16384  0
fuse                  143360  1
ipv6                  577536  24
root@salvator-x:~# 
root@salvator-x:~# modprobe g_printer
[   72.518378] printer gadget: printer ready
root@salvator-x:~# 
root@salvator-x:~# modprobe g_audio
[   73.024606] g_audio gadget: Linux USB Audio Gadget, version: Feb 2, 2012
[   73.031653] g_audio gadget: g_audio ready
root@salvator-x:~# 
root@salvator-x:~# dmesg | grep renesas_usb3
[    3.996181] renesas_usb3 ee020000.usb: probed with phy
root@salvator-x:~# 
 
#### Result: OK ####
