----------- BOARD ------------

root@salvator-x:~# modprobe g_serial
[   64.975982] g_serial gadget.0: Gadget Serial v2.4
[   64.980917] g_serial gadget.0: g_serial ready
root@salvator-x:~# 
root@salvator-x:~# cat /sys/devices/platform/soc/ee020000.usb/udc/ee020000.usb/state
configured
root@salvator-x:~# 
root@salvator-x:~# ls /dev/ttyGS0
/dev/ttyGS0
root@salvator-x:~# 

---------- HOST-PC -----------

dmesg
[ 1219.629067] usb 2-4: new SuperSpeed USB device number 10 using xhci_hcd
[ 1219.650602] usb 2-4: New USB device found, idVendor=0525, idProduct=a4a7, bcdDevice= 6.07
[ 1219.650617] usb 2-4: New USB device strings: Mfr=1, Product=2, SerialNumber=0
[ 1219.650623] usb 2-4: Product: Gadget Serial v2.4
[ 1219.650629] usb 2-4: Manufacturer: Linux 6.7.0-arm64-renesas with renesas_usb3
[ 1219.653226] cdc_acm 2-4:2.0: ttyACM0: USB ACM device

ls /dev/ttyACM0
/dev/ttyACM0

root@salvator-x:~# rmmod g_serial
root@salvator-x:~# 
 
#### Result: OK ####
