----------- BOARD ------------

root@salvator-x:~# modprobe g_serial
[   52.266071] g_serial gadget: Gadget Serial v2.4
[   52.270879] g_serial gadget: g_serial ready
root@salvator-x:~# 
root@salvator-x:~# cat /sys/devices/platform/soc/ee020000.usb/udc/ee020000.usb/s tate
configured
root@salvator-x:~# 
root@salvator-x:~# ls /dev/ttyGS0
/dev/ttyGS0
root@salvator-x:~# 

---------- HOST-PC -----------

dmesg
[709475.056167] usb 2-2: USB disconnect, device number 28
[709475.936367] usb 2-2: new SuperSpeed USB device number 29 using xhci_hcd
[709475.956874] usb 2-2: New USB device found, idVendor=0525, idProduct=a4a7, bcdDevice= 5.10
[709475.956894] usb 2-2: New USB device strings: Mfr=1, Product=2, SerialNumber=0
[709475.956903] usb 2-2: Product: Gadget Serial v2.4
[709475.956910] usb 2-2: Manufacturer: Linux 5.10.218-yocto-standard with renesas_usb3
[709475.960397] cdc_acm 2-2:2.0: ttyACM0: USB ACM device

ls /dev/ttyACM0
/dev/ttyACM0


---------- HOST-PC -----------

echo 'Test transferring data from HOST to BOARD via usb serial' > /dev/ttyACM0

----------- BOARD ------------

root@salvator-x:~# cat /dev/ttyGS0
Test transferring data from HOST to BOARD via usb serial
^C
root@salvator-x:~# 
root@salvator-x:~# rmmod g_serial
root@salvator-x:~# 
 
#### Result: OK ####
